Using pre-set license

 COMMAND LINE ARGUMENTS:
/Applications/Unity/Hub/Editor/2021.1.7f1/Unity.app/Contents/MacOS/Unity
-adb2
-batchMode
-noUpm
-name
AssetImportWorker0
-projectPath
/Users/owenkern/Developer/breadcrumbs/Unity-Project
-logFile
Logs/AssetImportWorker0.log
-srvPort
58915
Successfully changed project path to: /Users/owenkern/Developer/breadcrumbs/Unity-Project
/Users/owenkern/Developer/breadcrumbs/Unity-Project
Using Asset Import Pipeline V2.
Refreshing native plugins compatible for Editor in 120.05 ms, found 1 plugins.
Preloading 0 native plugins for Editor in 0.00 ms.
Initialize engine version: 2021.1.7f1 (d91830b65d9b)
[Subsystems] Discovering subsystems at path /Applications/Unity/Hub/Editor/2021.1.7f1/Unity.app/Contents/Resources/UnitySubsystems
[Subsystems] Discovering subsystems at path /Users/owenkern/Developer/breadcrumbs/Unity-Project/Assets
GfxDevice: creating device client; threaded=0; jobified=0
2022-12-05 12:55:46.393 Unity[43340:2550586] Color LCD preferred device: AMD Radeon Pro 560X (high power)
2022-12-05 12:55:46.393 Unity[43340:2550586] Metal devices available: 2
2022-12-05 12:55:46.394 Unity[43340:2550586] 0: AMD Radeon Pro 560X (high power)
2022-12-05 12:55:46.394 Unity[43340:2550586] 1: Intel(R) UHD Graphics 630 (low power)
2022-12-05 12:55:46.394 Unity[43340:2550586] Using device AMD Radeon Pro 560X (high power)
Initializing Metal device caps: AMD Radeon Pro 560X
Initialize mono
Mono path[0] = '/Applications/Unity/Hub/Editor/2021.1.7f1/Unity.app/Contents/Managed'
Mono path[1] = '/Applications/Unity/Hub/Editor/2021.1.7f1/Unity.app/Contents/MonoBleedingEdge/lib/mono/unityjit'
Mono config path = '/Applications/Unity/Hub/Editor/2021.1.7f1/Unity.app/Contents/MonoBleedingEdge/etc'
Using monoOptions --debugger-agent=transport=dt_socket,embedding=1,server=y,suspend=n,address=127.0.0.1:56340
Begin MonoManager ReloadAssembly
Registering precompiled unity dll's ...
Register platform support module: /Applications/Unity/Hub/Editor/2021.1.7f1/PlaybackEngines/WebGLSupport/UnityEditor.WebGL.Extensions.dll
Register platform support module: /Applications/Unity/Hub/Editor/2021.1.7f1/Unity.app/Contents/PlaybackEngines/MacStandaloneSupport/UnityEditor.OSXStandalone.Extensions.dll
Register platform support module: /Applications/Unity/Hub/Editor/2021.1.7f1/PlaybackEngines/WindowsStandaloneSupport/UnityEditor.WindowsStandalone.Extensions.dll
Registered in 0.001322 seconds.
Native extension for WindowsStandalone target not found
Native extension for OSXStandalone target not found
Native extension for WebGL target not found
Refreshing native plugins compatible for Editor in 123.59 ms, found 1 plugins.
Preloading 0 native plugins for Editor in 0.00 ms.
Mono: successfully reloaded assembly
- Completed reload, in  9.103 seconds
Platform modules already initialized, skipping
Registering precompiled user dll's ...
Registered in 0.002935 seconds.
Begin MonoManager ReloadAssembly
Symbol file LoadedFromMemory doesn't match image /Users/owenkern/Developer/breadcrumbs/Unity-Project/Library/PackageCache/com.unity.visualscripting@1.6.1/Editor/VisualScripting.Core/Dependencies/YamlDotNet/Unity.VisualScripting.YamlDotNet.dll
Symbol file LoadedFromMemory doesn't match image /Users/owenkern/Developer/breadcrumbs/Unity-Project/Library/PackageCache/com.unity.visualscripting@1.6.1/Editor/VisualScripting.Core/Dependencies/DotNetZip/Unity.VisualScripting.IonicZip.dll
Native extension for WindowsStandalone target not found
Native extension for OSXStandalone target not found
Native extension for WebGL target not found
Refreshing native plugins compatible for Editor in 123.88 ms, found 1 plugins.
Preloading 0 native plugins for Editor in 0.00 ms.
Mono: successfully reloaded assembly
- Completed reload, in  1.571 seconds
Platform modules already initialized, skipping
========================================================================
Worker process is ready to serve import requests
Launching external process: /Applications/Unity/Hub/Editor/2021.1.7f1/Unity.app/Contents/Tools/UnityShaderCompiler
Launched and connected shader compiler UnityShaderCompiler after 0.11 seconds
Refreshing native plugins compatible for Editor in 0.70 ms, found 1 plugins.
Preloading 0 native plugins for Editor in 0.00 ms.
Unloading 3071 Unused Serialized files (Serialized files now loaded: 0)
System memory in use before: 133.7 MB.
System memory in use after: 133.9 MB.

Unloading 16 unused Assets to reduce memory usage. Loaded Objects now: 3554.
Total: 3.081621 ms (FindLiveObjects: 0.310610 ms CreateObjectMapping: 0.178293 ms MarkObjects: 2.488903 ms  DeleteObjects: 0.102653 ms)

========================================================================
Received Import Request.
  path: Assets/Scripts/memSystem.cs
  artifactKey: Guid(d0a197eb39ad444f1a281cc2b93b95b6) Importer(815301076,1909f56bfc062723c751e8b465ee728b)
Start importing Assets/Scripts/memSystem.cs using Guid(d0a197eb39ad444f1a281cc2b93b95b6) Importer(815301076,1909f56bfc062723c751e8b465ee728b)  -> (artifact id: 'e9aaee223f9121b58d2b621540724e40') in 0.336104 seconds 
========================================================================
Received Prepare
Refreshing native plugins compatible for Editor in 6.24 ms, found 1 plugins.
Preloading 0 native plugins for Editor in 0.00 ms.
Unloading 7 Unused Serialized files (Serialized files now loaded: 0)
System memory in use before: 148.7 MB.
System memory in use after: 148.9 MB.

Unloading 7 unused Assets to reduce memory usage. Loaded Objects now: 3554.
Total: 2.810296 ms (FindLiveObjects: 0.304964 ms CreateObjectMapping: 0.154874 ms MarkObjects: 2.283729 ms  DeleteObjects: 0.065548 ms)

========================================================================
Received Import Request.
  Time since last request: 502.406363 seconds.
  path: Assets/Models/star-2.fbx
  artifactKey: Guid(5b9fa06f249cd450d830d7f3a5db4916) Importer(815301076,1909f56bfc062723c751e8b465ee728b)
Start importing Assets/Models/star-2.fbx using Guid(5b9fa06f249cd450d830d7f3a5db4916) Importer(815301076,1909f56bfc062723c751e8b465ee728b)  -> (artifact id: 'a2cef43bc08dd670680b6fb158f1f963') in 0.492638 seconds 
