Using pre-set license

 COMMAND LINE ARGUMENTS:
/Applications/Unity/Hub/Editor/2021.1.7f1/Unity.app/Contents/MacOS/Unity
-adb2
-batchMode
-noUpm
-name
AssetImportWorker1
-projectPath
/Users/owenkern/Developer/breadcrumbs/Unity-Project
-logFile
Logs/AssetImportWorker1.log
-srvPort
52347
Successfully changed project path to: /Users/owenkern/Developer/breadcrumbs/Unity-Project
/Users/owenkern/Developer/breadcrumbs/Unity-Project
Using Asset Import Pipeline V2.
Refreshing native plugins compatible for Editor in 833.34 ms, found 1 plugins.
Preloading 0 native plugins for Editor in 0.00 ms.
Initialize engine version: 2021.1.7f1 (d91830b65d9b)
[Subsystems] Discovering subsystems at path /Applications/Unity/Hub/Editor/2021.1.7f1/Unity.app/Contents/Resources/UnitySubsystems
[Subsystems] Discovering subsystems at path /Users/owenkern/Developer/breadcrumbs/Unity-Project/Assets
GfxDevice: creating device client; threaded=0; jobified=0
2022-11-30 12:55:50.361 Unity[5470:78213] Color LCD preferred device: AMD Radeon Pro 560X (high power)
2022-11-30 12:55:50.361 Unity[5470:78213] Metal devices available: 2
2022-11-30 12:55:50.361 Unity[5470:78213] 0: AMD Radeon Pro 560X (high power)
2022-11-30 12:55:50.361 Unity[5470:78213] 1: Intel(R) UHD Graphics 630 (low power)
2022-11-30 12:55:50.362 Unity[5470:78213] Using device AMD Radeon Pro 560X (high power)
Initializing Metal device caps: AMD Radeon Pro 560X
Initialize mono
Mono path[0] = '/Applications/Unity/Hub/Editor/2021.1.7f1/Unity.app/Contents/Managed'
Mono path[1] = '/Applications/Unity/Hub/Editor/2021.1.7f1/Unity.app/Contents/MonoBleedingEdge/lib/mono/unityjit'
Mono config path = '/Applications/Unity/Hub/Editor/2021.1.7f1/Unity.app/Contents/MonoBleedingEdge/etc'
Using monoOptions --debugger-agent=transport=dt_socket,embedding=1,server=y,suspend=n,address=127.0.0.1:56470
Begin MonoManager ReloadAssembly
Registering precompiled unity dll's ...
Register platform support module: /Applications/Unity/Hub/Editor/2021.1.7f1/PlaybackEngines/WebGLSupport/UnityEditor.WebGL.Extensions.dll
Register platform support module: /Applications/Unity/Hub/Editor/2021.1.7f1/Unity.app/Contents/PlaybackEngines/MacStandaloneSupport/UnityEditor.OSXStandalone.Extensions.dll
Register platform support module: /Applications/Unity/Hub/Editor/2021.1.7f1/PlaybackEngines/WindowsStandaloneSupport/UnityEditor.WindowsStandalone.Extensions.dll
Registered in 0.006486 seconds.
Native extension for WindowsStandalone target not found
Native extension for OSXStandalone target not found
Native extension for WebGL target not found
Refreshing native plugins compatible for Editor in 442.95 ms, found 1 plugins.
Preloading 0 native plugins for Editor in 0.00 ms.
