Using pre-set license

 COMMAND LINE ARGUMENTS:
/Applications/Unity/Hub/Editor/2021.1.7f1/Unity.app/Contents/MacOS/Unity
-adb2
-batchMode
-noUpm
-name
AssetImportWorker0
-projectPath
/Users/owenkern/Developer/breadcrumbs/Unity-Project
-logFile
Logs/AssetImportWorker0.log
-srvPort
59632
Successfully changed project path to: /Users/owenkern/Developer/breadcrumbs/Unity-Project
/Users/owenkern/Developer/breadcrumbs/Unity-Project
Using Asset Import Pipeline V2.
Refreshing native plugins compatible for Editor in 89.87 ms, found 1 plugins.
Preloading 0 native plugins for Editor in 0.00 ms.
Initialize engine version: 2021.1.7f1 (d91830b65d9b)
[Subsystems] Discovering subsystems at path /Applications/Unity/Hub/Editor/2021.1.7f1/Unity.app/Contents/Resources/UnitySubsystems
[Subsystems] Discovering subsystems at path /Users/owenkern/Developer/breadcrumbs/Unity-Project/Assets
GfxDevice: creating device client; threaded=0; jobified=0
2022-12-12 16:52:41.139 Unity[25805:1437934] Color LCD preferred device: AMD Radeon Pro 560X (high power)
2022-12-12 16:52:41.139 Unity[25805:1437934] Metal devices available: 2
2022-12-12 16:52:41.139 Unity[25805:1437934] 0: AMD Radeon Pro 560X (high power)
2022-12-12 16:52:41.139 Unity[25805:1437934] 1: Intel(R) UHD Graphics 630 (low power)
2022-12-12 16:52:41.139 Unity[25805:1437934] Using device AMD Radeon Pro 560X (high power)
Initializing Metal device caps: AMD Radeon Pro 560X
Initialize mono
Mono path[0] = '/Applications/Unity/Hub/Editor/2021.1.7f1/Unity.app/Contents/Managed'
Mono path[1] = '/Applications/Unity/Hub/Editor/2021.1.7f1/Unity.app/Contents/MonoBleedingEdge/lib/mono/unityjit'
Mono config path = '/Applications/Unity/Hub/Editor/2021.1.7f1/Unity.app/Contents/MonoBleedingEdge/etc'
Using monoOptions --debugger-agent=transport=dt_socket,embedding=1,server=y,suspend=n,address=127.0.0.1:56805
Begin MonoManager ReloadAssembly
Registering precompiled unity dll's ...
Register platform support module: /Applications/Unity/Hub/Editor/2021.1.7f1/PlaybackEngines/WebGLSupport/UnityEditor.WebGL.Extensions.dll
Register platform support module: /Applications/Unity/Hub/Editor/2021.1.7f1/Unity.app/Contents/PlaybackEngines/MacStandaloneSupport/UnityEditor.OSXStandalone.Extensions.dll
Register platform support module: /Applications/Unity/Hub/Editor/2021.1.7f1/PlaybackEngines/WindowsStandaloneSupport/UnityEditor.WindowsStandalone.Extensions.dll
Registered in 0.003404 seconds.
Native extension for WindowsStandalone target not found
Native extension for OSXStandalone target not found
Native extension for WebGL target not found
Refreshing native plugins compatible for Editor in 82.54 ms, found 1 plugins.
Preloading 0 native plugins for Editor in 0.00 ms.
Mono: successfully reloaded assembly
- Completed reload, in  3.982 seconds
Platform modules already initialized, skipping
Registering precompiled user dll's ...
Registered in 0.006161 seconds.
Begin MonoManager ReloadAssembly
Symbol file LoadedFromMemory doesn't match image /Users/owenkern/Developer/breadcrumbs/Unity-Project/Library/PackageCache/com.unity.visualscripting@1.6.1/Editor/VisualScripting.Core/Dependencies/YamlDotNet/Unity.VisualScripting.YamlDotNet.dll
Symbol file LoadedFromMemory doesn't match image /Users/owenkern/Developer/breadcrumbs/Unity-Project/Library/PackageCache/com.unity.visualscripting@1.6.1/Editor/VisualScripting.Core/Dependencies/DotNetZip/Unity.VisualScripting.IonicZip.dll
Native extension for WindowsStandalone target not found
Native extension for OSXStandalone target not found
Native extension for WebGL target not found
Refreshing native plugins compatible for Editor in 85.31 ms, found 1 plugins.
Preloading 0 native plugins for Editor in 0.00 ms.
Mono: successfully reloaded assembly
- Completed reload, in  1.134 seconds
Platform modules already initialized, skipping
========================================================================
Worker process is ready to serve import requests
Launching external process: /Applications/Unity/Hub/Editor/2021.1.7f1/Unity.app/Contents/Tools/UnityShaderCompiler
Launched and connected shader compiler UnityShaderCompiler after 0.08 seconds
Refreshing native plugins compatible for Editor in 0.56 ms, found 1 plugins.
Preloading 0 native plugins for Editor in 0.00 ms.
Unloading 3071 Unused Serialized files (Serialized files now loaded: 0)
System memory in use before: 133.8 MB.
System memory in use after: 134.0 MB.

Unloading 16 unused Assets to reduce memory usage. Loaded Objects now: 3554.
Total: 2.422818 ms (FindLiveObjects: 0.255794 ms CreateObjectMapping: 0.137995 ms MarkObjects: 1.943779 ms  DeleteObjects: 0.084388 ms)

========================================================================
Received Import Request.
  path: Assets/Standard Assets/CrossPlatformInput/Sprites/SliderHandleSprite.png
  artifactKey: Guid(0626b924325d1c34cafa6b22297f4e4f) Importer(815301076,1909f56bfc062723c751e8b465ee728b)
Start importing Assets/Standard Assets/CrossPlatformInput/Sprites/SliderHandleSprite.png using Guid(0626b924325d1c34cafa6b22297f4e4f) Importer(815301076,1909f56bfc062723c751e8b465ee728b)  -> (artifact id: 'de35b3dc86034921ba3493339062d061') in 1.219135 seconds 
========================================================================
Received Import Request.
  Time since last request: 0.000195 seconds.
  path: Assets/Textures/background.jpg
  artifactKey: Guid(1a71b8459ea3045ae8fcb709c2618580) Importer(815301076,1909f56bfc062723c751e8b465ee728b)
Start importing Assets/Textures/background.jpg using Guid(1a71b8459ea3045ae8fcb709c2618580) Importer(815301076,1909f56bfc062723c751e8b465ee728b)  -> (artifact id: '0bb3cc04eabdb6c0e338322d11b660bb') in 1.090973 seconds 
========================================================================
Received Import Request.
  Time since last request: 0.000191 seconds.
  path: Assets/Textures/star.png
  artifactKey: Guid(ef6c647de8e4d49ab809e813a4ac02a0) Importer(815301076,1909f56bfc062723c751e8b465ee728b)
Start importing Assets/Textures/star.png using Guid(ef6c647de8e4d49ab809e813a4ac02a0) Importer(815301076,1909f56bfc062723c751e8b465ee728b)  -> (artifact id: 'f87b469bb39f1fc38582578559d0e87f') in 0.016525 seconds 
========================================================================
Received Import Request.
  Time since last request: 0.000216 seconds.
  path: Assets/Standard Assets/CrossPlatformInput/Sprites/SliderBackgroundSprite.png
  artifactKey: Guid(ea5873cfd9158664f89459f0c9e1d853) Importer(815301076,1909f56bfc062723c751e8b465ee728b)
Start importing Assets/Standard Assets/CrossPlatformInput/Sprites/SliderBackgroundSprite.png using Guid(ea5873cfd9158664f89459f0c9e1d853) Importer(815301076,1909f56bfc062723c751e8b465ee728b)  -> (artifact id: 'db8f8220fab5e663d3c32bdefe0573bf') in 0.030037 seconds 
========================================================================
Received Import Request.
  Time since last request: 0.000189 seconds.
  path: Assets/Textures/peach.png
  artifactKey: Guid(92460427c8c40484eb0603071d89e318) Importer(815301076,1909f56bfc062723c751e8b465ee728b)
Start importing Assets/Textures/peach.png using Guid(92460427c8c40484eb0603071d89e318) Importer(815301076,1909f56bfc062723c751e8b465ee728b)  -> (artifact id: '61abde9fd6ecd4c323c51e385c9ee07b') in 0.013591 seconds 
========================================================================
Received Import Request.
  Time since last request: 0.000256 seconds.
  path: Assets/Standard Assets/CrossPlatformInput/Sprites/TouchpadSprite.png
  artifactKey: Guid(e4f1fee3de32377429fd1348fae62b10) Importer(815301076,1909f56bfc062723c751e8b465ee728b)
Start importing Assets/Standard Assets/CrossPlatformInput/Sprites/TouchpadSprite.png using Guid(e4f1fee3de32377429fd1348fae62b10) Importer(815301076,1909f56bfc062723c751e8b465ee728b)  -> (artifact id: '484aaf4e08641354781aa68450ff6c50') in 0.012118 seconds 
========================================================================
Received Import Request.
  Time since last request: 8.099194 seconds.
  path: Assets/Textures/background.jpg
  artifactKey: Guid(1a71b8459ea3045ae8fcb709c2618580) Importer(815301076,1909f56bfc062723c751e8b465ee728b)
Start importing Assets/Textures/background.jpg using Guid(1a71b8459ea3045ae8fcb709c2618580) Importer(815301076,1909f56bfc062723c751e8b465ee728b)  -> (artifact id: '5a05da1738100c82cbff6f83d002bd1e') in 0.049783 seconds 
========================================================================
Received Prepare
Registering precompiled user dll's ...
Registered in 0.005162 seconds.
Begin MonoManager ReloadAssembly
Symbol file LoadedFromMemory doesn't match image /Users/owenkern/Developer/breadcrumbs/Unity-Project/Library/PackageCache/com.unity.visualscripting@1.6.1/Editor/VisualScripting.Core/Dependencies/YamlDotNet/Unity.VisualScripting.YamlDotNet.dll
Symbol file LoadedFromMemory doesn't match image /Users/owenkern/Developer/breadcrumbs/Unity-Project/Library/PackageCache/com.unity.visualscripting@1.6.1/Editor/VisualScripting.Core/Dependencies/DotNetZip/Unity.VisualScripting.IonicZip.dll
Native extension for WindowsStandalone target not found
Native extension for OSXStandalone target not found
Native extension for WebGL target not found
Refreshing native plugins compatible for Editor in 0.57 ms, found 1 plugins.
Preloading 0 native plugins for Editor in 0.00 ms.
Mono: successfully reloaded assembly
- Completed reload, in  1.106 seconds
Platform modules already initialized, skipping
Refreshing native plugins compatible for Editor in 0.63 ms, found 1 plugins.
Preloading 0 native plugins for Editor in 0.00 ms.
Unloading 3059 Unused Serialized files (Serialized files now loaded: 0)
System memory in use before: 309.3 MB.
System memory in use after: 309.5 MB.

Unloading 9 unused Assets to reduce memory usage. Loaded Objects now: 3671.
Total: 2.529193 ms (FindLiveObjects: 0.271427 ms CreateObjectMapping: 0.159245 ms MarkObjects: 2.038265 ms  DeleteObjects: 0.059482 ms)

========================================================================
Received Import Request.
  Time since last request: 609.045799 seconds.
  path: Assets/Textures/New TMP Color Gradient.asset
  artifactKey: Guid(c6a426304835943b6bfef27c72d25b13) Importer(815301076,1909f56bfc062723c751e8b465ee728b)
Start importing Assets/Textures/New TMP Color Gradient.asset using Guid(c6a426304835943b6bfef27c72d25b13) Importer(815301076,1909f56bfc062723c751e8b465ee728b)  -> (artifact id: '739bd7c0b52bb9d8feb23450d07f507c') in 0.914584 seconds 
========================================================================
Received Import Request.
  Time since last request: 69.260136 seconds.
  path: Assets/Textures/New TMP Color Gradient.asset
  artifactKey: Guid(c6a426304835943b6bfef27c72d25b13) Importer(815301076,1909f56bfc062723c751e8b465ee728b)
Start importing Assets/Textures/New TMP Color Gradient.asset using Guid(c6a426304835943b6bfef27c72d25b13) Importer(815301076,1909f56bfc062723c751e8b465ee728b)  -> (artifact id: 'bf211759da7d9d80caf9f88016ec8bf7') in 0.003104 seconds 
========================================================================
Received Import Request.
  Time since last request: 113.682490 seconds.
  path: Assets/Textures/New TMP Color Gradient.asset
  artifactKey: Guid(c6a426304835943b6bfef27c72d25b13) Importer(815301076,1909f56bfc062723c751e8b465ee728b)
Start importing Assets/Textures/New TMP Color Gradient.asset using Guid(c6a426304835943b6bfef27c72d25b13) Importer(815301076,1909f56bfc062723c751e8b465ee728b)  -> (artifact id: 'e0c751609e1688ec59c9d76ff3337c27') in 0.003213 seconds 
========================================================================
Received Prepare
Registering precompiled user dll's ...
Registered in 0.003015 seconds.
Begin MonoManager ReloadAssembly
Symbol file LoadedFromMemory doesn't match image /Users/owenkern/Developer/breadcrumbs/Unity-Project/Library/PackageCache/com.unity.visualscripting@1.6.1/Editor/VisualScripting.Core/Dependencies/YamlDotNet/Unity.VisualScripting.YamlDotNet.dll
Symbol file LoadedFromMemory doesn't match image /Users/owenkern/Developer/breadcrumbs/Unity-Project/Library/PackageCache/com.unity.visualscripting@1.6.1/Editor/VisualScripting.Core/Dependencies/DotNetZip/Unity.VisualScripting.IonicZip.dll
Native extension for WindowsStandalone target not found
Native extension for OSXStandalone target not found
Native extension for WebGL target not found
Refreshing native plugins compatible for Editor in 0.99 ms, found 1 plugins.
Preloading 0 native plugins for Editor in 0.00 ms.
Mono: successfully reloaded assembly
- Completed reload, in  2.162 seconds
Platform modules already initialized, skipping
Refreshing native plugins compatible for Editor in 1.14 ms, found 1 plugins.
Preloading 0 native plugins for Editor in 0.00 ms.
Unloading 3053 Unused Serialized files (Serialized files now loaded: 0)
System memory in use before: 356.6 MB.
System memory in use after: 356.8 MB.

Unloading 9 unused Assets to reduce memory usage. Loaded Objects now: 3674.
Total: 4.366144 ms (FindLiveObjects: 0.414375 ms CreateObjectMapping: 0.280493 ms MarkObjects: 3.562269 ms  DeleteObjects: 0.107320 ms)

========================================================================
Received Prepare
Registering precompiled user dll's ...
Registered in 0.001583 seconds.
Begin MonoManager ReloadAssembly
Symbol file LoadedFromMemory doesn't match image /Users/owenkern/Developer/breadcrumbs/Unity-Project/Library/PackageCache/com.unity.visualscripting@1.6.1/Editor/VisualScripting.Core/Dependencies/YamlDotNet/Unity.VisualScripting.YamlDotNet.dll
Symbol file LoadedFromMemory doesn't match image /Users/owenkern/Developer/breadcrumbs/Unity-Project/Library/PackageCache/com.unity.visualscripting@1.6.1/Editor/VisualScripting.Core/Dependencies/DotNetZip/Unity.VisualScripting.IonicZip.dll
Native extension for WindowsStandalone target not found
Native extension for OSXStandalone target not found
Native extension for WebGL target not found
Refreshing native plugins compatible for Editor in 0.57 ms, found 1 plugins.
Preloading 0 native plugins for Editor in 0.00 ms.
Mono: successfully reloaded assembly
- Completed reload, in  0.988 seconds
Platform modules already initialized, skipping
Refreshing native plugins compatible for Editor in 0.59 ms, found 1 plugins.
Preloading 0 native plugins for Editor in 0.00 ms.
Unloading 3053 Unused Serialized files (Serialized files now loaded: 0)
System memory in use before: 357.2 MB.
System memory in use after: 357.4 MB.

Unloading 9 unused Assets to reduce memory usage. Loaded Objects now: 3677.
Total: 2.413009 ms (FindLiveObjects: 0.250662 ms CreateObjectMapping: 0.157850 ms MarkObjects: 1.945988 ms  DeleteObjects: 0.057439 ms)

========================================================================
Received Prepare
Registering precompiled user dll's ...
Registered in 0.001606 seconds.
Begin MonoManager ReloadAssembly
Symbol file LoadedFromMemory doesn't match image /Users/owenkern/Developer/breadcrumbs/Unity-Project/Library/PackageCache/com.unity.visualscripting@1.6.1/Editor/VisualScripting.Core/Dependencies/YamlDotNet/Unity.VisualScripting.YamlDotNet.dll
Symbol file LoadedFromMemory doesn't match image /Users/owenkern/Developer/breadcrumbs/Unity-Project/Library/PackageCache/com.unity.visualscripting@1.6.1/Editor/VisualScripting.Core/Dependencies/DotNetZip/Unity.VisualScripting.IonicZip.dll
Native extension for WindowsStandalone target not found
Native extension for OSXStandalone target not found
Native extension for WebGL target not found
Refreshing native plugins compatible for Editor in 0.65 ms, found 1 plugins.
Preloading 0 native plugins for Editor in 0.00 ms.
Mono: successfully reloaded assembly
- Completed reload, in  1.051 seconds
Platform modules already initialized, skipping
Refreshing native plugins compatible for Editor in 0.58 ms, found 1 plugins.
Preloading 0 native plugins for Editor in 0.00 ms.
Unloading 3053 Unused Serialized files (Serialized files now loaded: 0)
System memory in use before: 357.8 MB.
System memory in use after: 358.0 MB.

Unloading 9 unused Assets to reduce memory usage. Loaded Objects now: 3680.
Total: 2.374061 ms (FindLiveObjects: 0.239478 ms CreateObjectMapping: 0.145751 ms MarkObjects: 1.928841 ms  DeleteObjects: 0.059052 ms)

========================================================================
Received Prepare
Registering precompiled user dll's ...
Registered in 0.001636 seconds.
Begin MonoManager ReloadAssembly
Symbol file LoadedFromMemory doesn't match image /Users/owenkern/Developer/breadcrumbs/Unity-Project/Library/PackageCache/com.unity.visualscripting@1.6.1/Editor/VisualScripting.Core/Dependencies/YamlDotNet/Unity.VisualScripting.YamlDotNet.dll
Symbol file LoadedFromMemory doesn't match image /Users/owenkern/Developer/breadcrumbs/Unity-Project/Library/PackageCache/com.unity.visualscripting@1.6.1/Editor/VisualScripting.Core/Dependencies/DotNetZip/Unity.VisualScripting.IonicZip.dll
Native extension for WindowsStandalone target not found
Native extension for OSXStandalone target not found
Native extension for WebGL target not found
Refreshing native plugins compatible for Editor in 0.59 ms, found 1 plugins.
Preloading 0 native plugins for Editor in 0.00 ms.
Mono: successfully reloaded assembly
- Completed reload, in  1.047 seconds
Platform modules already initialized, skipping
Refreshing native plugins compatible for Editor in 0.60 ms, found 1 plugins.
Preloading 0 native plugins for Editor in 0.00 ms.
Unloading 3053 Unused Serialized files (Serialized files now loaded: 0)
System memory in use before: 358.4 MB.
System memory in use after: 358.6 MB.

Unloading 9 unused Assets to reduce memory usage. Loaded Objects now: 3683.
Total: 2.326026 ms (FindLiveObjects: 0.230157 ms CreateObjectMapping: 0.140512 ms MarkObjects: 1.901637 ms  DeleteObjects: 0.052856 ms)

========================================================================
Received Prepare
Registering precompiled user dll's ...
Registered in 0.003305 seconds.
Begin MonoManager ReloadAssembly
Symbol file LoadedFromMemory doesn't match image /Users/owenkern/Developer/breadcrumbs/Unity-Project/Library/PackageCache/com.unity.visualscripting@1.6.1/Editor/VisualScripting.Core/Dependencies/YamlDotNet/Unity.VisualScripting.YamlDotNet.dll
Symbol file LoadedFromMemory doesn't match image /Users/owenkern/Developer/breadcrumbs/Unity-Project/Library/PackageCache/com.unity.visualscripting@1.6.1/Editor/VisualScripting.Core/Dependencies/DotNetZip/Unity.VisualScripting.IonicZip.dll
Native extension for WindowsStandalone target not found
Native extension for OSXStandalone target not found
Native extension for WebGL target not found
Refreshing native plugins compatible for Editor in 0.96 ms, found 1 plugins.
Preloading 0 native plugins for Editor in 0.00 ms.
Mono: successfully reloaded assembly
- Completed reload, in  2.117 seconds
Platform modules already initialized, skipping
Refreshing native plugins compatible for Editor in 0.95 ms, found 1 plugins.
Preloading 0 native plugins for Editor in 0.00 ms.
Unloading 3053 Unused Serialized files (Serialized files now loaded: 0)
System memory in use before: 358.9 MB.
System memory in use after: 359.1 MB.

Unloading 9 unused Assets to reduce memory usage. Loaded Objects now: 3686.
Total: 4.272214 ms (FindLiveObjects: 0.420628 ms CreateObjectMapping: 0.276020 ms MarkObjects: 3.475475 ms  DeleteObjects: 0.098147 ms)

========================================================================
Received Prepare
Registering precompiled user dll's ...
Registered in 0.002591 seconds.
Begin MonoManager ReloadAssembly
Symbol file LoadedFromMemory doesn't match image /Users/owenkern/Developer/breadcrumbs/Unity-Project/Library/PackageCache/com.unity.visualscripting@1.6.1/Editor/VisualScripting.Core/Dependencies/YamlDotNet/Unity.VisualScripting.YamlDotNet.dll
Symbol file LoadedFromMemory doesn't match image /Users/owenkern/Developer/breadcrumbs/Unity-Project/Library/PackageCache/com.unity.visualscripting@1.6.1/Editor/VisualScripting.Core/Dependencies/DotNetZip/Unity.VisualScripting.IonicZip.dll
Native extension for WindowsStandalone target not found
Native extension for OSXStandalone target not found
Native extension for WebGL target not found
Refreshing native plugins compatible for Editor in 0.61 ms, found 1 plugins.
Preloading 0 native plugins for Editor in 0.00 ms.
Mono: successfully reloaded assembly
- Completed reload, in  1.106 seconds
Platform modules already initialized, skipping
Refreshing native plugins compatible for Editor in 0.81 ms, found 1 plugins.
Preloading 0 native plugins for Editor in 0.00 ms.
Unloading 3053 Unused Serialized files (Serialized files now loaded: 0)
System memory in use before: 359.5 MB.
System memory in use after: 359.7 MB.

Unloading 9 unused Assets to reduce memory usage. Loaded Objects now: 3689.
Total: 2.598973 ms (FindLiveObjects: 0.259477 ms CreateObjectMapping: 0.157789 ms MarkObjects: 2.112752 ms  DeleteObjects: 0.067720 ms)

========================================================================
Received Prepare
Registering precompiled user dll's ...
Registered in 0.001823 seconds.
Begin MonoManager ReloadAssembly
Symbol file LoadedFromMemory doesn't match image /Users/owenkern/Developer/breadcrumbs/Unity-Project/Library/PackageCache/com.unity.visualscripting@1.6.1/Editor/VisualScripting.Core/Dependencies/YamlDotNet/Unity.VisualScripting.YamlDotNet.dll
Symbol file LoadedFromMemory doesn't match image /Users/owenkern/Developer/breadcrumbs/Unity-Project/Library/PackageCache/com.unity.visualscripting@1.6.1/Editor/VisualScripting.Core/Dependencies/DotNetZip/Unity.VisualScripting.IonicZip.dll
Native extension for WindowsStandalone target not found
Native extension for OSXStandalone target not found
Native extension for WebGL target not found
Refreshing native plugins compatible for Editor in 0.64 ms, found 1 plugins.
Preloading 0 native plugins for Editor in 0.00 ms.
Mono: successfully reloaded assembly
- Completed reload, in  1.178 seconds
Platform modules already initialized, skipping
Refreshing native plugins compatible for Editor in 0.61 ms, found 1 plugins.
Preloading 0 native plugins for Editor in 0.00 ms.
Unloading 3053 Unused Serialized files (Serialized files now loaded: 0)
System memory in use before: 360.0 MB.
System memory in use after: 360.3 MB.

Unloading 9 unused Assets to reduce memory usage. Loaded Objects now: 3692.
Total: 2.804147 ms (FindLiveObjects: 0.272821 ms CreateObjectMapping: 0.177871 ms MarkObjects: 2.285378 ms  DeleteObjects: 0.066890 ms)

========================================================================
Received Prepare
Registering precompiled user dll's ...
Registered in 0.005055 seconds.
Begin MonoManager ReloadAssembly
Symbol file LoadedFromMemory doesn't match image /Users/owenkern/Developer/breadcrumbs/Unity-Project/Library/PackageCache/com.unity.visualscripting@1.6.1/Editor/VisualScripting.Core/Dependencies/YamlDotNet/Unity.VisualScripting.YamlDotNet.dll
Symbol file LoadedFromMemory doesn't match image /Users/owenkern/Developer/breadcrumbs/Unity-Project/Library/PackageCache/com.unity.visualscripting@1.6.1/Editor/VisualScripting.Core/Dependencies/DotNetZip/Unity.VisualScripting.IonicZip.dll
Native extension for WindowsStandalone target not found
Native extension for OSXStandalone target not found
Native extension for WebGL target not found
Refreshing native plugins compatible for Editor in 0.55 ms, found 1 plugins.
Preloading 0 native plugins for Editor in 0.00 ms.
Mono: successfully reloaded assembly
- Completed reload, in  0.947 seconds
Platform modules already initialized, skipping
Refreshing native plugins compatible for Editor in 0.61 ms, found 1 plugins.
Preloading 0 native plugins for Editor in 0.00 ms.
Unloading 3053 Unused Serialized files (Serialized files now loaded: 0)
System memory in use before: 360.6 MB.
System memory in use after: 360.8 MB.

Unloading 9 unused Assets to reduce memory usage. Loaded Objects now: 3695.
Total: 2.281218 ms (FindLiveObjects: 0.253050 ms CreateObjectMapping: 0.136467 ms MarkObjects: 1.839652 ms  DeleteObjects: 0.051003 ms)

========================================================================
Received Prepare
Registering precompiled user dll's ...
Registered in 0.002334 seconds.
Begin MonoManager ReloadAssembly
Symbol file LoadedFromMemory doesn't match image /Users/owenkern/Developer/breadcrumbs/Unity-Project/Library/PackageCache/com.unity.visualscripting@1.6.1/Editor/VisualScripting.Core/Dependencies/YamlDotNet/Unity.VisualScripting.YamlDotNet.dll
Symbol file LoadedFromMemory doesn't match image /Users/owenkern/Developer/breadcrumbs/Unity-Project/Library/PackageCache/com.unity.visualscripting@1.6.1/Editor/VisualScripting.Core/Dependencies/DotNetZip/Unity.VisualScripting.IonicZip.dll
Native extension for WindowsStandalone target not found
Native extension for OSXStandalone target not found
Native extension for WebGL target not found
Refreshing native plugins compatible for Editor in 0.77 ms, found 1 plugins.
Preloading 0 native plugins for Editor in 0.00 ms.
Mono: successfully reloaded assembly
- Completed reload, in  1.631 seconds
Platform modules already initialized, skipping
Refreshing native plugins compatible for Editor in 0.79 ms, found 1 plugins.
Preloading 0 native plugins for Editor in 0.00 ms.
Unloading 3053 Unused Serialized files (Serialized files now loaded: 0)
System memory in use before: 361.2 MB.
System memory in use after: 361.4 MB.

Unloading 9 unused Assets to reduce memory usage. Loaded Objects now: 3698.
Total: 3.546745 ms (FindLiveObjects: 0.351756 ms CreateObjectMapping: 0.232937 ms MarkObjects: 2.877691 ms  DeleteObjects: 0.083013 ms)

========================================================================
Received Import Request.
  Time since last request: 1523.495800 seconds.
  path: Assets/Textures/background.jpg
  artifactKey: Guid(1a71b8459ea3045ae8fcb709c2618580) Importer(815301076,1909f56bfc062723c751e8b465ee728b)
Start importing Assets/Textures/background.jpg using Guid(1a71b8459ea3045ae8fcb709c2618580) Importer(815301076,1909f56bfc062723c751e8b465ee728b)  -> (artifact id: 'bbfc76318b2543137c9ef251e01b4624') in 0.052388 seconds 
========================================================================
Received Prepare
Registering precompiled user dll's ...
Registered in 0.001379 seconds.
Begin MonoManager ReloadAssembly
Symbol file LoadedFromMemory doesn't match image /Users/owenkern/Developer/breadcrumbs/Unity-Project/Library/PackageCache/com.unity.visualscripting@1.6.1/Editor/VisualScripting.Core/Dependencies/YamlDotNet/Unity.VisualScripting.YamlDotNet.dll
Symbol file LoadedFromMemory doesn't match image /Users/owenkern/Developer/breadcrumbs/Unity-Project/Library/PackageCache/com.unity.visualscripting@1.6.1/Editor/VisualScripting.Core/Dependencies/DotNetZip/Unity.VisualScripting.IonicZip.dll
Native extension for WindowsStandalone target not found
Native extension for OSXStandalone target not found
Native extension for WebGL target not found
Refreshing native plugins compatible for Editor in 0.52 ms, found 1 plugins.
Preloading 0 native plugins for Editor in 0.00 ms.
Mono: successfully reloaded assembly
- Completed reload, in  0.816 seconds
Platform modules already initialized, skipping
Refreshing native plugins compatible for Editor in 0.86 ms, found 1 plugins.
Preloading 0 native plugins for Editor in 0.00 ms.
Unloading 3053 Unused Serialized files (Serialized files now loaded: 0)
System memory in use before: 362.3 MB.
System memory in use after: 362.5 MB.

Unloading 9 unused Assets to reduce memory usage. Loaded Objects now: 3715.
Total: 2.584070 ms (FindLiveObjects: 0.365741 ms CreateObjectMapping: 0.360618 ms MarkObjects: 1.804193 ms  DeleteObjects: 0.052675 ms)

========================================================================
Received Import Request.
  Time since last request: 535.057858 seconds.
  path: Assets/Textures/New TMP Color Gradient.asset
  artifactKey: Guid(c6a426304835943b6bfef27c72d25b13) Importer(815301076,1909f56bfc062723c751e8b465ee728b)
Start importing Assets/Textures/New TMP Color Gradient.asset using Guid(c6a426304835943b6bfef27c72d25b13) Importer(815301076,1909f56bfc062723c751e8b465ee728b)  -> (artifact id: '8277810eae13c59ef131bbb5f2ba784a') in 0.014573 seconds 
========================================================================
Received Prepare
Registering precompiled user dll's ...
Registered in 0.001524 seconds.
Begin MonoManager ReloadAssembly
Symbol file LoadedFromMemory doesn't match image /Users/owenkern/Developer/breadcrumbs/Unity-Project/Library/PackageCache/com.unity.visualscripting@1.6.1/Editor/VisualScripting.Core/Dependencies/YamlDotNet/Unity.VisualScripting.YamlDotNet.dll
Symbol file LoadedFromMemory doesn't match image /Users/owenkern/Developer/breadcrumbs/Unity-Project/Library/PackageCache/com.unity.visualscripting@1.6.1/Editor/VisualScripting.Core/Dependencies/DotNetZip/Unity.VisualScripting.IonicZip.dll
Native extension for WindowsStandalone target not found
Native extension for OSXStandalone target not found
Native extension for WebGL target not found
Refreshing native plugins compatible for Editor in 0.62 ms, found 1 plugins.
Preloading 0 native plugins for Editor in 0.00 ms.
Mono: successfully reloaded assembly
- Completed reload, in  0.829 seconds
Platform modules already initialized, skipping
Refreshing native plugins compatible for Editor in 0.57 ms, found 1 plugins.
Preloading 0 native plugins for Editor in 0.00 ms.
Unloading 3053 Unused Serialized files (Serialized files now loaded: 0)
System memory in use before: 362.8 MB.
System memory in use after: 363.1 MB.

Unloading 9 unused Assets to reduce memory usage. Loaded Objects now: 3718.
Total: 2.402711 ms (FindLiveObjects: 0.258592 ms CreateObjectMapping: 0.151172 ms MarkObjects: 1.932183 ms  DeleteObjects: 0.059748 ms)

========================================================================
Received Prepare
Registering precompiled user dll's ...
Registered in 0.001590 seconds.
Begin MonoManager ReloadAssembly
Symbol file LoadedFromMemory doesn't match image /Users/owenkern/Developer/breadcrumbs/Unity-Project/Library/PackageCache/com.unity.visualscripting@1.6.1/Editor/VisualScripting.Core/Dependencies/YamlDotNet/Unity.VisualScripting.YamlDotNet.dll
Symbol file LoadedFromMemory doesn't match image /Users/owenkern/Developer/breadcrumbs/Unity-Project/Library/PackageCache/com.unity.visualscripting@1.6.1/Editor/VisualScripting.Core/Dependencies/DotNetZip/Unity.VisualScripting.IonicZip.dll
Native extension for WindowsStandalone target not found
Native extension for OSXStandalone target not found
Native extension for WebGL target not found
Refreshing native plugins compatible for Editor in 0.99 ms, found 1 plugins.
Preloading 0 native plugins for Editor in 0.00 ms.
Mono: successfully reloaded assembly
- Completed reload, in  1.017 seconds
Platform modules already initialized, skipping
Refreshing native plugins compatible for Editor in 0.58 ms, found 1 plugins.
Preloading 0 native plugins for Editor in 0.00 ms.
Unloading 3053 Unused Serialized files (Serialized files now loaded: 0)
System memory in use before: 363.4 MB.
System memory in use after: 363.6 MB.

Unloading 9 unused Assets to reduce memory usage. Loaded Objects now: 3721.
Total: 2.688900 ms (FindLiveObjects: 0.327857 ms CreateObjectMapping: 0.179392 ms MarkObjects: 2.126119 ms  DeleteObjects: 0.054741 ms)

========================================================================
Received Prepare
Registering precompiled user dll's ...
Registered in 0.001513 seconds.
Begin MonoManager ReloadAssembly
Symbol file LoadedFromMemory doesn't match image /Users/owenkern/Developer/breadcrumbs/Unity-Project/Library/PackageCache/com.unity.visualscripting@1.6.1/Editor/VisualScripting.Core/Dependencies/YamlDotNet/Unity.VisualScripting.YamlDotNet.dll
Symbol file LoadedFromMemory doesn't match image /Users/owenkern/Developer/breadcrumbs/Unity-Project/Library/PackageCache/com.unity.visualscripting@1.6.1/Editor/VisualScripting.Core/Dependencies/DotNetZip/Unity.VisualScripting.IonicZip.dll
Native extension for WindowsStandalone target not found
Native extension for OSXStandalone target not found
Native extension for WebGL target not found
Refreshing native plugins compatible for Editor in 0.51 ms, found 1 plugins.
Preloading 0 native plugins for Editor in 0.00 ms.
Mono: successfully reloaded assembly
- Completed reload, in  0.853 seconds
Platform modules already initialized, skipping
Refreshing native plugins compatible for Editor in 0.92 ms, found 1 plugins.
Preloading 0 native plugins for Editor in 0.00 ms.
Unloading 3053 Unused Serialized files (Serialized files now loaded: 0)
System memory in use before: 364.0 MB.
System memory in use after: 364.2 MB.

Unloading 9 unused Assets to reduce memory usage. Loaded Objects now: 3724.
Total: 2.054725 ms (FindLiveObjects: 0.216115 ms CreateObjectMapping: 0.115976 ms MarkObjects: 1.673033 ms  DeleteObjects: 0.048798 ms)

========================================================================
Received Prepare
Registering precompiled user dll's ...
Registered in 0.001224 seconds.
Begin MonoManager ReloadAssembly
Symbol file LoadedFromMemory doesn't match image /Users/owenkern/Developer/breadcrumbs/Unity-Project/Library/PackageCache/com.unity.visualscripting@1.6.1/Editor/VisualScripting.Core/Dependencies/YamlDotNet/Unity.VisualScripting.YamlDotNet.dll
Symbol file LoadedFromMemory doesn't match image /Users/owenkern/Developer/breadcrumbs/Unity-Project/Library/PackageCache/com.unity.visualscripting@1.6.1/Editor/VisualScripting.Core/Dependencies/DotNetZip/Unity.VisualScripting.IonicZip.dll
Native extension for WindowsStandalone target not found
Native extension for OSXStandalone target not found
Native extension for WebGL target not found
Refreshing native plugins compatible for Editor in 0.51 ms, found 1 plugins.
Preloading 0 native plugins for Editor in 0.00 ms.
Mono: successfully reloaded assembly
- Completed reload, in  0.813 seconds
Platform modules already initialized, skipping
Refreshing native plugins compatible for Editor in 0.50 ms, found 1 plugins.
Preloading 0 native plugins for Editor in 0.00 ms.
Unloading 3054 Unused Serialized files (Serialized files now loaded: 0)
System memory in use before: 364.5 MB.
System memory in use after: 364.8 MB.

Unloading 9 unused Assets to reduce memory usage. Loaded Objects now: 3728.
Total: 2.014286 ms (FindLiveObjects: 0.219376 ms CreateObjectMapping: 0.137110 ms MarkObjects: 1.609463 ms  DeleteObjects: 0.047733 ms)

========================================================================
Received Prepare
Registering precompiled user dll's ...
Registered in 0.001705 seconds.
Begin MonoManager ReloadAssembly
Symbol file LoadedFromMemory doesn't match image /Users/owenkern/Developer/breadcrumbs/Unity-Project/Library/PackageCache/com.unity.visualscripting@1.6.1/Editor/VisualScripting.Core/Dependencies/YamlDotNet/Unity.VisualScripting.YamlDotNet.dll
Symbol file LoadedFromMemory doesn't match image /Users/owenkern/Developer/breadcrumbs/Unity-Project/Library/PackageCache/com.unity.visualscripting@1.6.1/Editor/VisualScripting.Core/Dependencies/DotNetZip/Unity.VisualScripting.IonicZip.dll
Native extension for WindowsStandalone target not found
Native extension for OSXStandalone target not found
Native extension for WebGL target not found
Refreshing native plugins compatible for Editor in 0.50 ms, found 1 plugins.
Preloading 0 native plugins for Editor in 0.00 ms.
Mono: successfully reloaded assembly
- Completed reload, in  0.912 seconds
Platform modules already initialized, skipping
Refreshing native plugins compatible for Editor in 0.63 ms, found 1 plugins.
Preloading 0 native plugins for Editor in 0.00 ms.
Unloading 3054 Unused Serialized files (Serialized files now loaded: 0)
System memory in use before: 365.1 MB.
System memory in use after: 365.3 MB.

Unloading 9 unused Assets to reduce memory usage. Loaded Objects now: 3731.
Total: 2.163349 ms (FindLiveObjects: 0.235291 ms CreateObjectMapping: 0.104203 ms MarkObjects: 1.769972 ms  DeleteObjects: 0.053023 ms)

========================================================================
Received Prepare
Registering precompiled user dll's ...
Registered in 0.001973 seconds.
Begin MonoManager ReloadAssembly
Symbol file LoadedFromMemory doesn't match image /Users/owenkern/Developer/breadcrumbs/Unity-Project/Library/PackageCache/com.unity.visualscripting@1.6.1/Editor/VisualScripting.Core/Dependencies/YamlDotNet/Unity.VisualScripting.YamlDotNet.dll
Symbol file LoadedFromMemory doesn't match image /Users/owenkern/Developer/breadcrumbs/Unity-Project/Library/PackageCache/com.unity.visualscripting@1.6.1/Editor/VisualScripting.Core/Dependencies/DotNetZip/Unity.VisualScripting.IonicZip.dll
Native extension for WindowsStandalone target not found
Native extension for OSXStandalone target not found
Native extension for WebGL target not found
Refreshing native plugins compatible for Editor in 0.51 ms, found 1 plugins.
Preloading 0 native plugins for Editor in 0.00 ms.
Mono: successfully reloaded assembly
- Completed reload, in  0.863 seconds
Platform modules already initialized, skipping
Refreshing native plugins compatible for Editor in 0.50 ms, found 1 plugins.
Preloading 0 native plugins for Editor in 0.00 ms.
Unloading 3054 Unused Serialized files (Serialized files now loaded: 0)
System memory in use before: 365.7 MB.
System memory in use after: 365.9 MB.

Unloading 9 unused Assets to reduce memory usage. Loaded Objects now: 3734.
Total: 2.045563 ms (FindLiveObjects: 0.230091 ms CreateObjectMapping: 0.108996 ms MarkObjects: 1.658121 ms  DeleteObjects: 0.047773 ms)

========================================================================
Received Import Request.
  Time since last request: 1100.065740 seconds.
  path: Assets/Scenes/SampleScene.unity
  artifactKey: Guid(9fc0d4010bbf28b4594072e72b8655ab) Importer(815301076,1909f56bfc062723c751e8b465ee728b)
Start importing Assets/Scenes/SampleScene.unity using Guid(9fc0d4010bbf28b4594072e72b8655ab) Importer(815301076,1909f56bfc062723c751e8b465ee728b)  -> (artifact id: '93e3090e45f21b837d0404877d88fa37') in 0.012510 seconds 
========================================================================
Received Import Request.
  Time since last request: 10.707544 seconds.
  path: Assets/Scenes/Level.unity
  artifactKey: Guid(9fc0d4010bbf28b4594072e72b8655ab) Importer(815301076,1909f56bfc062723c751e8b465ee728b)
Start importing Assets/Scenes/Level.unity using Guid(9fc0d4010bbf28b4594072e72b8655ab) Importer(815301076,1909f56bfc062723c751e8b465ee728b)  -> (artifact id: 'fb6c514e69ab8de10188e5ab6a9c4c73') in 0.001172 seconds 
========================================================================
Received Import Request.
  Time since last request: 8.600370 seconds.
  path: Assets/Scenes/Main Menu.unity
  artifactKey: Guid(23edf27d1598c4fc2ac3fc0ed1d03224) Importer(815301076,1909f56bfc062723c751e8b465ee728b)
Start importing Assets/Scenes/Main Menu.unity using Guid(23edf27d1598c4fc2ac3fc0ed1d03224) Importer(815301076,1909f56bfc062723c751e8b465ee728b)  -> (artifact id: '827021842adb2fe73edd61516d3e9d62') in 0.002151 seconds 
========================================================================
Received Prepare
Registering precompiled user dll's ...
Registered in 0.001517 seconds.
Begin MonoManager ReloadAssembly
Symbol file LoadedFromMemory doesn't match image /Users/owenkern/Developer/breadcrumbs/Unity-Project/Library/PackageCache/com.unity.visualscripting@1.6.1/Editor/VisualScripting.Core/Dependencies/YamlDotNet/Unity.VisualScripting.YamlDotNet.dll
Symbol file LoadedFromMemory doesn't match image /Users/owenkern/Developer/breadcrumbs/Unity-Project/Library/PackageCache/com.unity.visualscripting@1.6.1/Editor/VisualScripting.Core/Dependencies/DotNetZip/Unity.VisualScripting.IonicZip.dll
Native extension for WindowsStandalone target not found
Native extension for OSXStandalone target not found
Native extension for WebGL target not found
Refreshing native plugins compatible for Editor in 0.51 ms, found 1 plugins.
Preloading 0 native plugins for Editor in 0.00 ms.
Mono: successfully reloaded assembly
- Completed reload, in  0.862 seconds
Platform modules already initialized, skipping
Refreshing native plugins compatible for Editor in 0.51 ms, found 1 plugins.
Preloading 0 native plugins for Editor in 0.00 ms.
Unloading 3054 Unused Serialized files (Serialized files now loaded: 0)
System memory in use before: 366.3 MB.
System memory in use after: 366.5 MB.

Unloading 9 unused Assets to reduce memory usage. Loaded Objects now: 3737.
Total: 2.930928 ms (FindLiveObjects: 0.236012 ms CreateObjectMapping: 0.135987 ms MarkObjects: 2.505306 ms  DeleteObjects: 0.052906 ms)

========================================================================
Received Prepare
Registering precompiled user dll's ...
Registered in 0.003022 seconds.
Begin MonoManager ReloadAssembly
Symbol file LoadedFromMemory doesn't match image /Users/owenkern/Developer/breadcrumbs/Unity-Project/Library/PackageCache/com.unity.visualscripting@1.6.1/Editor/VisualScripting.Core/Dependencies/YamlDotNet/Unity.VisualScripting.YamlDotNet.dll
Symbol file LoadedFromMemory doesn't match image /Users/owenkern/Developer/breadcrumbs/Unity-Project/Library/PackageCache/com.unity.visualscripting@1.6.1/Editor/VisualScripting.Core/Dependencies/DotNetZip/Unity.VisualScripting.IonicZip.dll
Native extension for WindowsStandalone target not found
Native extension for OSXStandalone target not found
Native extension for WebGL target not found
Refreshing native plugins compatible for Editor in 0.55 ms, found 1 plugins.
Preloading 0 native plugins for Editor in 0.00 ms.
Mono: successfully reloaded assembly
- Completed reload, in  0.950 seconds
Platform modules already initialized, skipping
Refreshing native plugins compatible for Editor in 0.54 ms, found 1 plugins.
Preloading 0 native plugins for Editor in 0.00 ms.
Unloading 3054 Unused Serialized files (Serialized files now loaded: 0)
System memory in use before: 366.8 MB.
System memory in use after: 367.0 MB.

Unloading 9 unused Assets to reduce memory usage. Loaded Objects now: 3740.
Total: 2.573096 ms (FindLiveObjects: 0.415202 ms CreateObjectMapping: 0.228208 ms MarkObjects: 1.877989 ms  DeleteObjects: 0.050911 ms)

========================================================================
Received Prepare
Registering precompiled user dll's ...
Registered in 0.004131 seconds.
Begin MonoManager ReloadAssembly
Symbol file LoadedFromMemory doesn't match image /Users/owenkern/Developer/breadcrumbs/Unity-Project/Library/PackageCache/com.unity.visualscripting@1.6.1/Editor/VisualScripting.Core/Dependencies/YamlDotNet/Unity.VisualScripting.YamlDotNet.dll
Symbol file LoadedFromMemory doesn't match image /Users/owenkern/Developer/breadcrumbs/Unity-Project/Library/PackageCache/com.unity.visualscripting@1.6.1/Editor/VisualScripting.Core/Dependencies/DotNetZip/Unity.VisualScripting.IonicZip.dll
Native extension for WindowsStandalone target not found
Native extension for OSXStandalone target not found
Native extension for WebGL target not found
Refreshing native plugins compatible for Editor in 1.09 ms, found 1 plugins.
Preloading 0 native plugins for Editor in 0.00 ms.
Mono: successfully reloaded assembly
- Completed reload, in  2.675 seconds
Platform modules already initialized, skipping
Refreshing native plugins compatible for Editor in 1.29 ms, found 1 plugins.
Preloading 0 native plugins for Editor in 0.00 ms.
Unloading 3054 Unused Serialized files (Serialized files now loaded: 0)
System memory in use before: 367.4 MB.
System memory in use after: 367.6 MB.

Unloading 9 unused Assets to reduce memory usage. Loaded Objects now: 3743.
Total: 4.479562 ms (FindLiveObjects: 0.428791 ms CreateObjectMapping: 0.294310 ms MarkObjects: 3.650014 ms  DeleteObjects: 0.104422 ms)

========================================================================
Received Prepare
Registering precompiled user dll's ...
Registered in 0.001472 seconds.
Begin MonoManager ReloadAssembly
Symbol file LoadedFromMemory doesn't match image /Users/owenkern/Developer/breadcrumbs/Unity-Project/Library/PackageCache/com.unity.visualscripting@1.6.1/Editor/VisualScripting.Core/Dependencies/YamlDotNet/Unity.VisualScripting.YamlDotNet.dll
Symbol file LoadedFromMemory doesn't match image /Users/owenkern/Developer/breadcrumbs/Unity-Project/Library/PackageCache/com.unity.visualscripting@1.6.1/Editor/VisualScripting.Core/Dependencies/DotNetZip/Unity.VisualScripting.IonicZip.dll
Native extension for WindowsStandalone target not found
Native extension for OSXStandalone target not found
Native extension for WebGL target not found
Refreshing native plugins compatible for Editor in 0.55 ms, found 1 plugins.
Preloading 0 native plugins for Editor in 0.00 ms.
Mono: successfully reloaded assembly
- Completed reload, in  0.905 seconds
Platform modules already initialized, skipping
Refreshing native plugins compatible for Editor in 0.56 ms, found 1 plugins.
Preloading 0 native plugins for Editor in 0.00 ms.
Unloading 3055 Unused Serialized files (Serialized files now loaded: 0)
System memory in use before: 368.0 MB.
System memory in use after: 368.2 MB.

Unloading 9 unused Assets to reduce memory usage. Loaded Objects now: 3747.
Total: 2.165014 ms (FindLiveObjects: 0.237670 ms CreateObjectMapping: 0.131405 ms MarkObjects: 1.742227 ms  DeleteObjects: 0.052843 ms)

========================================================================
Received Prepare
Registering precompiled user dll's ...
Registered in 0.002460 seconds.
Begin MonoManager ReloadAssembly
Symbol file LoadedFromMemory doesn't match image /Users/owenkern/Developer/breadcrumbs/Unity-Project/Library/PackageCache/com.unity.visualscripting@1.6.1/Editor/VisualScripting.Core/Dependencies/YamlDotNet/Unity.VisualScripting.YamlDotNet.dll
Symbol file LoadedFromMemory doesn't match image /Users/owenkern/Developer/breadcrumbs/Unity-Project/Library/PackageCache/com.unity.visualscripting@1.6.1/Editor/VisualScripting.Core/Dependencies/DotNetZip/Unity.VisualScripting.IonicZip.dll
Native extension for WindowsStandalone target not found
Native extension for OSXStandalone target not found
Native extension for WebGL target not found
Refreshing native plugins compatible for Editor in 0.52 ms, found 1 plugins.
Preloading 0 native plugins for Editor in 0.00 ms.
Mono: successfully reloaded assembly
- Completed reload, in  0.893 seconds
Platform modules already initialized, skipping
Refreshing native plugins compatible for Editor in 0.59 ms, found 1 plugins.
Preloading 0 native plugins for Editor in 0.00 ms.
Unloading 3055 Unused Serialized files (Serialized files now loaded: 0)
System memory in use before: 368.6 MB.
System memory in use after: 368.8 MB.

Unloading 9 unused Assets to reduce memory usage. Loaded Objects now: 3750.
Total: 2.271514 ms (FindLiveObjects: 0.269246 ms CreateObjectMapping: 0.167282 ms MarkObjects: 1.780235 ms  DeleteObjects: 0.053922 ms)

========================================================================
Received Prepare
Registering precompiled user dll's ...
Registered in 0.001647 seconds.
Begin MonoManager ReloadAssembly
Symbol file LoadedFromMemory doesn't match image /Users/owenkern/Developer/breadcrumbs/Unity-Project/Library/PackageCache/com.unity.visualscripting@1.6.1/Editor/VisualScripting.Core/Dependencies/YamlDotNet/Unity.VisualScripting.YamlDotNet.dll
Symbol file LoadedFromMemory doesn't match image /Users/owenkern/Developer/breadcrumbs/Unity-Project/Library/PackageCache/com.unity.visualscripting@1.6.1/Editor/VisualScripting.Core/Dependencies/DotNetZip/Unity.VisualScripting.IonicZip.dll
Native extension for WindowsStandalone target not found
Native extension for OSXStandalone target not found
Native extension for WebGL target not found
Refreshing native plugins compatible for Editor in 0.66 ms, found 1 plugins.
Preloading 0 native plugins for Editor in 0.00 ms.
Mono: successfully reloaded assembly
- Completed reload, in  0.812 seconds
Platform modules already initialized, skipping
Refreshing native plugins compatible for Editor in 0.51 ms, found 1 plugins.
Preloading 0 native plugins for Editor in 0.00 ms.
Unloading 3055 Unused Serialized files (Serialized files now loaded: 0)
System memory in use before: 369.1 MB.
System memory in use after: 369.4 MB.

Unloading 9 unused Assets to reduce memory usage. Loaded Objects now: 3753.
Total: 1.983593 ms (FindLiveObjects: 0.211888 ms CreateObjectMapping: 0.116916 ms MarkObjects: 1.606909 ms  DeleteObjects: 0.047295 ms)

========================================================================
Received Prepare
Registering precompiled user dll's ...
Registered in 0.002777 seconds.
Begin MonoManager ReloadAssembly
Symbol file LoadedFromMemory doesn't match image /Users/owenkern/Developer/breadcrumbs/Unity-Project/Library/PackageCache/com.unity.visualscripting@1.6.1/Editor/VisualScripting.Core/Dependencies/YamlDotNet/Unity.VisualScripting.YamlDotNet.dll
Symbol file LoadedFromMemory doesn't match image /Users/owenkern/Developer/breadcrumbs/Unity-Project/Library/PackageCache/com.unity.visualscripting@1.6.1/Editor/VisualScripting.Core/Dependencies/DotNetZip/Unity.VisualScripting.IonicZip.dll
Native extension for WindowsStandalone target not found
Native extension for OSXStandalone target not found
Native extension for WebGL target not found
Refreshing native plugins compatible for Editor in 0.74 ms, found 1 plugins.
Preloading 0 native plugins for Editor in 0.00 ms.
Mono: successfully reloaded assembly
- Completed reload, in  1.005 seconds
Platform modules already initialized, skipping
Refreshing native plugins compatible for Editor in 0.50 ms, found 1 plugins.
Preloading 0 native plugins for Editor in 0.00 ms.
Unloading 3055 Unused Serialized files (Serialized files now loaded: 0)
System memory in use before: 369.7 MB.
System memory in use after: 369.9 MB.

Unloading 9 unused Assets to reduce memory usage. Loaded Objects now: 3756.
Total: 1.984566 ms (FindLiveObjects: 0.229293 ms CreateObjectMapping: 0.133895 ms MarkObjects: 1.575349 ms  DeleteObjects: 0.045437 ms)

========================================================================
Received Prepare
Registering precompiled user dll's ...
Registered in 0.001518 seconds.
Begin MonoManager ReloadAssembly
Symbol file LoadedFromMemory doesn't match image /Users/owenkern/Developer/breadcrumbs/Unity-Project/Library/PackageCache/com.unity.visualscripting@1.6.1/Editor/VisualScripting.Core/Dependencies/YamlDotNet/Unity.VisualScripting.YamlDotNet.dll
Symbol file LoadedFromMemory doesn't match image /Users/owenkern/Developer/breadcrumbs/Unity-Project/Library/PackageCache/com.unity.visualscripting@1.6.1/Editor/VisualScripting.Core/Dependencies/DotNetZip/Unity.VisualScripting.IonicZip.dll
Native extension for WindowsStandalone target not found
Native extension for OSXStandalone target not found
Native extension for WebGL target not found
Refreshing native plugins compatible for Editor in 0.51 ms, found 1 plugins.
Preloading 0 native plugins for Editor in 0.00 ms.
Mono: successfully reloaded assembly
- Completed reload, in  0.842 seconds
Platform modules already initialized, skipping
Refreshing native plugins compatible for Editor in 0.55 ms, found 1 plugins.
Preloading 0 native plugins for Editor in 0.00 ms.
Unloading 3055 Unused Serialized files (Serialized files now loaded: 0)
System memory in use before: 370.4 MB.
System memory in use after: 370.6 MB.

Unloading 9 unused Assets to reduce memory usage. Loaded Objects now: 3759.
Total: 2.170102 ms (FindLiveObjects: 0.233362 ms CreateObjectMapping: 0.135113 ms MarkObjects: 1.746705 ms  DeleteObjects: 0.054093 ms)

========================================================================
Received Prepare
Registering precompiled user dll's ...
Registered in 0.001543 seconds.
Begin MonoManager ReloadAssembly
Symbol file LoadedFromMemory doesn't match image /Users/owenkern/Developer/breadcrumbs/Unity-Project/Library/PackageCache/com.unity.visualscripting@1.6.1/Editor/VisualScripting.Core/Dependencies/YamlDotNet/Unity.VisualScripting.YamlDotNet.dll
Symbol file LoadedFromMemory doesn't match image /Users/owenkern/Developer/breadcrumbs/Unity-Project/Library/PackageCache/com.unity.visualscripting@1.6.1/Editor/VisualScripting.Core/Dependencies/DotNetZip/Unity.VisualScripting.IonicZip.dll
Native extension for WindowsStandalone target not found
Native extension for OSXStandalone target not found
Native extension for WebGL target not found
Refreshing native plugins compatible for Editor in 0.61 ms, found 1 plugins.
Preloading 0 native plugins for Editor in 0.00 ms.
Mono: successfully reloaded assembly
- Completed reload, in  0.887 seconds
Platform modules already initialized, skipping
Refreshing native plugins compatible for Editor in 0.51 ms, found 1 plugins.
Preloading 0 native plugins for Editor in 0.00 ms.
Unloading 3055 Unused Serialized files (Serialized files now loaded: 0)
System memory in use before: 371.0 MB.
System memory in use after: 371.2 MB.

Unloading 9 unused Assets to reduce memory usage. Loaded Objects now: 3762.
Total: 2.046326 ms (FindLiveObjects: 0.235964 ms CreateObjectMapping: 0.141027 ms MarkObjects: 1.619999 ms  DeleteObjects: 0.048591 ms)

========================================================================
Received Import Request.
  Time since last request: 1042.897643 seconds.
  path: Assets/Sounds/AudioMixer.mixer
  artifactKey: Guid(2e4d54b61a29147ccb9403dc537da237) Importer(815301076,1909f56bfc062723c751e8b465ee728b)
Start importing Assets/Sounds/AudioMixer.mixer using Guid(2e4d54b61a29147ccb9403dc537da237) Importer(815301076,1909f56bfc062723c751e8b465ee728b)  -> (artifact id: 'ee70ece8fe11999162dee68fc0c77fd2') in 0.509706 seconds 
========================================================================
Received Import Request.
  Time since last request: 112.313430 seconds.
  path: Assets/Scenes/Main Menu.unity
  artifactKey: Guid(23edf27d1598c4fc2ac3fc0ed1d03224) Importer(815301076,1909f56bfc062723c751e8b465ee728b)
Start importing Assets/Scenes/Main Menu.unity using Guid(23edf27d1598c4fc2ac3fc0ed1d03224) Importer(815301076,1909f56bfc062723c751e8b465ee728b)  -> (artifact id: '450f4957a496a39c0ececc13c293f89a') in 0.001299 seconds 
========================================================================
Received Import Request.
  Time since last request: 301.693925 seconds.
  path: Assets/Textures/peachTransparent.png
  artifactKey: Guid(80c64ab71e4ff4baeb5c3179a2e7ccd6) Importer(815301076,1909f56bfc062723c751e8b465ee728b)
Start importing Assets/Textures/peachTransparent.png using Guid(80c64ab71e4ff4baeb5c3179a2e7ccd6) Importer(815301076,1909f56bfc062723c751e8b465ee728b)  -> (artifact id: '41f831ccc33ace294d05e60a020e3e92') in 0.043714 seconds 
========================================================================
Received Import Request.
  Time since last request: 0.000293 seconds.
  path: Assets/Textures/starTransparent.png
  artifactKey: Guid(e8cc7d39436ee4b6ebcf55e6522e4da9) Importer(815301076,1909f56bfc062723c751e8b465ee728b)
Start importing Assets/Textures/starTransparent.png using Guid(e8cc7d39436ee4b6ebcf55e6522e4da9) Importer(815301076,1909f56bfc062723c751e8b465ee728b)  -> (artifact id: '8b6f917bd6346fd6e95e292dc9831d5d') in 0.017309 seconds 
========================================================================
Received Import Request.
  Time since last request: 26.821079 seconds.
  path: Assets/Textures/peachTransparent.png
  artifactKey: Guid(80c64ab71e4ff4baeb5c3179a2e7ccd6) Importer(815301076,1909f56bfc062723c751e8b465ee728b)
Start importing Assets/Textures/peachTransparent.png using Guid(80c64ab71e4ff4baeb5c3179a2e7ccd6) Importer(815301076,1909f56bfc062723c751e8b465ee728b)  -> (artifact id: 'b73c3ae38b6e6ecfe4e64e4ea3e91e65') in 0.056067 seconds 
========================================================================
Received Import Request.
  Time since last request: 4.651190 seconds.
  path: Assets/Textures/starTransparent.png
  artifactKey: Guid(e8cc7d39436ee4b6ebcf55e6522e4da9) Importer(815301076,1909f56bfc062723c751e8b465ee728b)
Start importing Assets/Textures/starTransparent.png using Guid(e8cc7d39436ee4b6ebcf55e6522e4da9) Importer(815301076,1909f56bfc062723c751e8b465ee728b)  -> (artifact id: '4b7ae18baa23aba4b1e15462b17df022') in 0.061603 seconds 
========================================================================
Received Import Request.
  Time since last request: 39.798396 seconds.
  path: Assets/Scenes/Level.unity
  artifactKey: Guid(9fc0d4010bbf28b4594072e72b8655ab) Importer(815301076,1909f56bfc062723c751e8b465ee728b)
Start importing Assets/Scenes/Level.unity using Guid(9fc0d4010bbf28b4594072e72b8655ab) Importer(815301076,1909f56bfc062723c751e8b465ee728b)  -> (artifact id: 'a3eeace83e130ba8e0b589ac008278dd') in 0.002331 seconds 
========================================================================
Received Prepare
Registering precompiled user dll's ...
Registered in 0.008323 seconds.
Begin MonoManager ReloadAssembly
Symbol file LoadedFromMemory doesn't match image /Users/owenkern/Developer/breadcrumbs/Unity-Project/Library/PackageCache/com.unity.visualscripting@1.6.1/Editor/VisualScripting.Core/Dependencies/YamlDotNet/Unity.VisualScripting.YamlDotNet.dll
Symbol file LoadedFromMemory doesn't match image /Users/owenkern/Developer/breadcrumbs/Unity-Project/Library/PackageCache/com.unity.visualscripting@1.6.1/Editor/VisualScripting.Core/Dependencies/DotNetZip/Unity.VisualScripting.IonicZip.dll
Native extension for WindowsStandalone target not found
Native extension for OSXStandalone target not found
Native extension for WebGL target not found
Refreshing native plugins compatible for Editor in 0.69 ms, found 1 plugins.
Preloading 0 native plugins for Editor in 0.00 ms.
Mono: successfully reloaded assembly
- Completed reload, in  1.653 seconds
Platform modules already initialized, skipping
Refreshing native plugins compatible for Editor in 0.70 ms, found 1 plugins.
Preloading 0 native plugins for Editor in 0.00 ms.
Unloading 3057 Unused Serialized files (Serialized files now loaded: 0)
System memory in use before: 428.7 MB.
System memory in use after: 428.9 MB.

Unloading 9 unused Assets to reduce memory usage. Loaded Objects now: 3824.
Total: 3.752091 ms (FindLiveObjects: 0.377604 ms CreateObjectMapping: 0.252332 ms MarkObjects: 3.028315 ms  DeleteObjects: 0.092657 ms)

========================================================================
Received Prepare
Registering precompiled user dll's ...
Registered in 0.002113 seconds.
Begin MonoManager ReloadAssembly
Symbol file LoadedFromMemory doesn't match image /Users/owenkern/Developer/breadcrumbs/Unity-Project/Library/PackageCache/com.unity.visualscripting@1.6.1/Editor/VisualScripting.Core/Dependencies/YamlDotNet/Unity.VisualScripting.YamlDotNet.dll
Symbol file LoadedFromMemory doesn't match image /Users/owenkern/Developer/breadcrumbs/Unity-Project/Library/PackageCache/com.unity.visualscripting@1.6.1/Editor/VisualScripting.Core/Dependencies/DotNetZip/Unity.VisualScripting.IonicZip.dll
Native extension for WindowsStandalone target not found
Native extension for OSXStandalone target not found
Native extension for WebGL target not found
Refreshing native plugins compatible for Editor in 0.67 ms, found 1 plugins.
Preloading 0 native plugins for Editor in 0.00 ms.
Mono: successfully reloaded assembly
- Completed reload, in  1.279 seconds
Platform modules already initialized, skipping
Refreshing native plugins compatible for Editor in 0.70 ms, found 1 plugins.
Preloading 0 native plugins for Editor in 0.00 ms.
Unloading 3055 Unused Serialized files (Serialized files now loaded: 0)
System memory in use before: 429.2 MB.
System memory in use after: 429.4 MB.

Unloading 9 unused Assets to reduce memory usage. Loaded Objects now: 3827.
Total: 3.223566 ms (FindLiveObjects: 0.351808 ms CreateObjectMapping: 0.227578 ms MarkObjects: 2.566641 ms  DeleteObjects: 0.076080 ms)

AssetImportWorkerClient::OnTransportError - code=2 error=End of file
